<?xml version="1.0" encoding="UTF-8"?>
<!-- Generated by org.testng.reporters.JUnitReportReporter -->
<testsuite hostname="Teju" failures="0" tests="2" name="formnJson.formjson" time="0.696" errors="0" timestamp="2022-05-24T16:03:27 CDT" skipped="0">
  <testcase classname="formnJson.formjson" name="formfilling" time="0.564"/>
  <system-out/>
  <testcase classname="formnJson.formjson" name="clicksubmit" time="0.132"/>
  <system-out/>
</testsuite> <!-- formnJson.formjson -->
